TN:
SF:src/ai/GeminiProvider.ts
FN:3,deterministicTestResponse
FN:15,generateContent
FNF:2
FNH:0
FNDA:0,deterministicTestResponse
FNDA:0,generateContent
DA:1,0
DA:4,0
DA:15,0
DA:16,0
DA:17,0
DA:18,0
DA:20,0
DA:21,0
LF:8
LH:0
BRF:0
BRH:0
end_of_record
TN:
SF:src/ai/localFallback.ts
FN:5,safeJson
FN:13,generateTextFallback
FNF:2
FNH:0
FNDA:0,safeJson
FNDA:0,generateTextFallback
DA:6,0
DA:7,0
DA:9,0
DA:13,0
DA:14,0
DA:17,0
DA:20,0
DA:21,0
DA:25,0
DA:26,0
DA:41,0
DA:45,0
DA:48,0
LF:13
LH:0
BRDA:14,0,0,0
BRDA:14,0,1,0
BRDA:17,1,0,0
BRDA:17,2,0,0
BRDA:17,2,1,0
BRDA:17,2,2,0
BRDA:25,3,0,0
BRDA:25,4,0,0
BRDA:25,4,1,0
BRF:9
BRH:0
end_of_record
TN:
SF:src/ai/questionGenerator.ts
FN:25,generateQuestionsWithAI
FN:28,(anonymous_2)
FN:55,(anonymous_3)
FN:57,(anonymous_4)
FN:58,(anonymous_5)
FN:59,(anonymous_6)
FN:60,(anonymous_7)
FN:61,(anonymous_8)
FN:80,(anonymous_9)
FN:82,(anonymous_10)
FN:83,(anonymous_11)
FN:84,(anonymous_12)
FN:85,(anonymous_13)
FN:86,(anonymous_14)
FN:94,(anonymous_15)
FNF:15
FNH:7
FNDA:3,generateQuestionsWithAI
FNDA:3,(anonymous_2)
FNDA:1,(anonymous_3)
FNDA:0,(anonymous_4)
FNDA:1,(anonymous_5)
FNDA:0,(anonymous_6)
FNDA:1,(anonymous_7)
FNDA:1,(anonymous_8)
FNDA:0,(anonymous_9)
FNDA:0,(anonymous_10)
FNDA:0,(anonymous_11)
FNDA:0,(anonymous_12)
FNDA:0,(anonymous_13)
FNDA:0,(anonymous_14)
FNDA:1,(anonymous_15)
DA:1,1
DA:2,1
DA:3,1
DA:4,1
DA:6,1
DA:25,1
DA:26,3
DA:28,3
DA:30,3
DA:32,3
DA:34,3
DA:36,3
DA:37,3
DA:38,3
DA:39,3
DA:40,2
DA:41,2
DA:42,1
DA:45,1
DA:46,1
DA:47,1
DA:48,0
DA:49,0
DA:52,1
DA:53,1
DA:55,1
DA:57,0
DA:58,1
DA:59,0
DA:60,1
DA:61,1
DA:65,1
DA:66,1
DA:68,1
DA:72,0
DA:76,1
DA:77,1
DA:78,0
DA:80,0
DA:82,0
DA:83,0
DA:84,0
DA:85,0
DA:86,0
DA:94,1
DA:98,1
LF:46
LH:34
BRDA:26,0,0,0
BRDA:26,1,0,3
BRDA:26,1,1,3
BRDA:28,2,0,3
BRDA:28,2,1,0
BRDA:39,3,0,2
BRDA:39,4,0,3
BRDA:39,4,1,3
BRDA:39,4,2,3
BRDA:41,5,0,1
BRDA:47,6,0,0
BRDA:49,7,0,0
BRDA:56,8,0,1
BRDA:56,8,1,0
BRDA:57,9,0,1
BRDA:57,9,1,0
BRDA:57,9,2,0
BRDA:58,10,0,1
BRDA:58,10,1,1
BRDA:59,11,0,1
BRDA:59,11,1,0
BRDA:59,12,0,1
BRDA:59,12,1,1
BRDA:59,13,0,0
BRDA:59,13,1,0
BRDA:62,14,0,1
BRDA:62,14,1,0
BRDA:81,15,0,0
BRDA:81,15,1,0
BRDA:82,16,0,0
BRDA:82,16,1,0
BRDA:82,16,2,0
BRDA:83,17,0,0
BRDA:83,17,1,0
BRDA:84,18,0,0
BRDA:84,18,1,0
BRDA:84,19,0,0
BRDA:84,19,1,0
BRDA:84,20,0,0
BRDA:84,20,1,0
BRDA:87,21,0,0
BRDA:87,21,1,0
BRF:42
BRH:16
end_of_record
TN:
SF:src/ai/resultEnhancer.ts
FN:9,generateCareerEnhancements
FN:13,(anonymous_2)
FN:37,(anonymous_3)
FN:55,(anonymous_4)
FN:71,(anonymous_5)
FNF:5
FNH:0
FNDA:0,generateCareerEnhancements
FNDA:0,(anonymous_2)
FNDA:0,(anonymous_3)
FNDA:0,(anonymous_4)
FNDA:0,(anonymous_5)
DA:1,0
DA:2,0
DA:3,0
DA:4,0
DA:5,0
DA:7,0
DA:9,0
DA:10,0
DA:11,0
DA:13,0
DA:15,0
DA:17,0
DA:20,0
DA:21,0
DA:22,0
DA:23,0
DA:24,0
DA:25,0
DA:26,0
DA:27,0
DA:35,0
DA:36,0
DA:37,0
DA:49,0
DA:50,0
DA:51,0
DA:52,0
DA:54,0
DA:55,0
DA:67,0
DA:70,0
DA:71,0
DA:86,0
DA:87,0
DA:88,0
DA:89,0
DA:90,0
DA:91,0
DA:95,0
DA:97,0
DA:98,0
DA:102,0
LF:42
LH:0
BRDA:11,0,0,0
BRDA:11,1,0,0
BRDA:11,1,1,0
BRDA:13,2,0,0
BRDA:13,2,1,0
BRDA:24,3,0,0
BRDA:24,4,0,0
BRDA:24,4,1,0
BRDA:24,4,2,0
BRDA:26,5,0,0
BRDA:36,6,0,0
BRDA:36,6,1,0
BRDA:36,7,0,0
BRDA:36,7,1,0
BRDA:38,8,0,0
BRDA:38,8,1,0
BRDA:38,8,2,0
BRDA:38,8,3,0
BRDA:39,9,0,0
BRDA:39,9,1,0
BRDA:39,9,2,0
BRDA:39,9,3,0
BRDA:45,10,0,0
BRDA:45,10,1,0
BRDA:52,11,0,0
BRDA:52,11,1,0
BRDA:52,11,2,0
BRDA:52,11,3,0
BRDA:52,11,4,0
BRDA:54,12,0,0
BRDA:54,12,1,0
BRDA:56,13,0,0
BRDA:56,13,1,0
BRDA:56,13,2,0
BRDA:56,13,3,0
BRDA:57,14,0,0
BRDA:57,14,1,0
BRDA:57,14,2,0
BRDA:57,14,3,0
BRDA:63,15,0,0
BRDA:63,15,1,0
BRDA:72,16,0,0
BRDA:72,16,1,0
BRDA:72,16,2,0
BRDA:72,16,3,0
BRDA:73,17,0,0
BRDA:73,17,1,0
BRDA:73,17,2,0
BRDA:73,17,3,0
BRDA:79,18,0,0
BRDA:79,18,1,0
BRDA:90,19,0,0
BRDA:90,20,0,0
BRDA:90,20,1,0
BRDA:90,20,2,0
BRF:55
BRH:0
end_of_record
TN:
SF:src/ai/safeParser.ts
FN:7,safeParseAIResponse
FNF:1
FNH:1
FNDA:5,safeParseAIResponse
DA:7,4
DA:8,5
DA:9,5
DA:12,2
DA:16,4
LF:5
LH:5
BRF:0
BRH:0
end_of_record
TN:
SF:src/ai/schemas.ts
FNF:0
FNH:0
DA:1,3
DA:3,3
DA:13,3
DA:15,3
DA:21,3
DA:23,3
DA:28,3
DA:36,3
DA:44,3
DA:48,3
DA:56,3
DA:61,3
LF:12
LH:12
BRF:0
BRH:0
end_of_record
TN:
SF:src/ai/scoringEngine.ts
FN:13,enhanceAndCombineScores
FN:15,(anonymous_2)
FN:27,(anonymous_3)
FN:41,(anonymous_4)
FN:47,(anonymous_5)
FN:57,(anonymous_6)
FN:69,(anonymous_7)
FN:75,(anonymous_8)
FN:85,(anonymous_9)
FN:111,(anonymous_10)
FN:118,(anonymous_11)
FN:128,(anonymous_12)
FN:136,(anonymous_13)
FN:137,(anonymous_14)
FNF:14
FNH:7
FNDA:2,enhanceAndCombineScores
FNDA:3,(anonymous_2)
FNDA:3,(anonymous_3)
FNDA:0,(anonymous_4)
FNDA:0,(anonymous_5)
FNDA:0,(anonymous_6)
FNDA:0,(anonymous_7)
FNDA:0,(anonymous_8)
FNDA:0,(anonymous_9)
FNDA:2,(anonymous_10)
FNDA:2,(anonymous_11)
FNDA:1,(anonymous_12)
FNDA:1,(anonymous_13)
FNDA:0,(anonymous_14)
DA:1,1
DA:2,1
DA:3,1
DA:4,1
DA:6,1
DA:13,1
DA:15,3
DA:24,2
DA:25,2
DA:27,3
DA:30,2
DA:31,2
DA:32,2
DA:33,2
DA:34,2
DA:35,0
DA:36,0
DA:37,0
DA:38,0
DA:40,0
DA:41,0
DA:42,0
DA:43,0
DA:44,0
DA:47,0
DA:48,0
DA:49,0
DA:50,0
DA:57,0
DA:61,0
DA:62,0
DA:63,0
DA:64,0
DA:65,0
DA:66,0
DA:67,0
DA:68,0
DA:69,0
DA:70,0
DA:71,0
DA:72,0
DA:75,0
DA:76,0
DA:77,0
DA:78,0
DA:85,0
DA:94,2
DA:95,1
DA:97,1
DA:98,1
DA:99,1
DA:100,1
DA:101,1
DA:102,0
DA:103,0
DA:108,1
DA:110,1
DA:111,1
DA:112,2
DA:113,2
DA:114,2
DA:118,1
DA:119,2
DA:120,2
DA:121,2
DA:128,1
DA:135,1
DA:136,1
DA:137,0
DA:140,1
LF:70
LH:36
BRDA:17,0,0,3
BRDA:17,0,1,0
BRDA:17,0,2,0
BRDA:18,1,0,3
BRDA:18,1,1,0
BRDA:19,2,0,3
BRDA:19,2,1,0
BRDA:20,3,0,3
BRDA:20,3,1,0
BRDA:20,3,2,0
BRDA:34,4,0,0
BRDA:34,5,0,2
BRDA:34,5,1,2
BRDA:34,5,2,2
BRDA:36,6,0,0
BRDA:42,7,0,0
BRDA:42,8,0,0
BRDA:42,8,1,0
BRDA:43,9,0,0
BRDA:43,9,1,0
BRDA:44,10,0,0
BRDA:44,10,1,0
BRDA:48,11,0,0
BRDA:48,11,1,0
BRDA:55,12,0,0
BRDA:55,12,1,0
BRDA:63,13,0,0
BRDA:65,14,0,0
BRDA:70,15,0,0
BRDA:70,16,0,0
BRDA:70,16,1,0
BRDA:71,17,0,0
BRDA:71,17,1,0
BRDA:72,18,0,0
BRDA:72,18,1,0
BRDA:76,19,0,0
BRDA:76,19,1,0
BRDA:83,20,0,0
BRDA:83,20,1,0
BRDA:101,21,0,0
BRDA:101,22,0,1
BRDA:101,22,1,1
BRDA:101,22,2,1
BRDA:108,23,0,1
BRDA:108,24,0,1
BRDA:108,24,1,1
BRDA:112,25,0,0
BRDA:112,26,0,2
BRDA:112,26,1,2
BRDA:113,27,0,2
BRDA:113,27,1,0
BRDA:114,28,0,2
BRDA:114,28,1,0
BRDA:119,29,0,2
BRDA:119,29,1,0
BRDA:126,30,0,2
BRDA:126,30,1,0
BRF:57
BRH:19
end_of_record
TN:
SF:src/lib/aiTelemetry.ts
FN:29,normalizeProvider
FN:45,recordCall
FN:65,recordCacheHit
FN:69,recordFailure
FN:72,(anonymous_4)
FN:75,recordFallback
FN:78,(anonymous_6)
FN:81,recordServiceUnavailable
FN:84,(anonymous_8)
FN:87,getTelemetry
FNF:10
FNH:5
FNDA:5,normalizeProvider
FNDA:5,recordCall
FNDA:0,recordCacheHit
FNDA:3,recordFailure
FNDA:0,(anonymous_4)
FNDA:3,recordFallback
FNDA:0,(anonymous_6)
FNDA:0,recordServiceUnavailable
FNDA:0,(anonymous_8)
FNDA:1,getTelemetry
DA:15,3
DA:30,5
DA:31,4
DA:38,1
DA:45,3
DA:46,5
DA:47,5
DA:48,5
DA:49,5
DA:50,5
DA:51,5
DA:52,5
DA:53,5
DA:55,0
DA:56,0
DA:57,0
DA:58,0
DA:65,3
DA:66,0
DA:69,3
DA:70,3
DA:71,3
DA:72,3
DA:75,3
DA:76,3
DA:77,3
DA:78,3
DA:81,3
DA:82,0
DA:83,0
DA:84,0
DA:87,3
DA:88,1
DA:94,3
LF:34
LH:26
BRDA:30,0,0,4
BRDA:33,1,0,4
BRDA:33,1,1,3
BRDA:34,2,0,4
BRDA:34,2,1,3
BRDA:40,3,0,1
BRDA:40,3,1,0
BRDA:41,4,0,1
BRDA:41,4,1,0
BRDA:50,5,0,5
BRDA:50,5,1,3
BRDA:53,6,0,0
BRDA:53,7,0,5
BRDA:53,7,1,5
BRDA:53,7,2,5
BRDA:69,8,0,1
BRDA:71,9,0,3
BRDA:71,9,1,2
BRDA:72,10,0,0
BRDA:72,11,0,3
BRDA:72,11,1,3
BRDA:72,11,2,3
BRDA:75,12,0,3
BRDA:77,13,0,3
BRDA:77,13,1,2
BRDA:78,14,0,0
BRDA:78,15,0,3
BRDA:78,15,1,3
BRDA:78,15,2,3
BRDA:81,16,0,0
BRDA:82,17,0,0
BRDA:82,17,1,0
BRDA:83,18,0,0
BRDA:83,18,1,0
BRDA:84,19,0,0
BRDA:84,20,0,0
BRDA:84,20,1,0
BRDA:84,20,2,0
BRDA:90,21,0,1
BRDA:90,21,1,0
BRF:40
BRH:25
end_of_record
TN:
SF:src/lib/redis.ts
FN:13,(anonymous_0)
FN:24,(anonymous_1)
FN:28,(anonymous_2)
FN:31,(anonymous_3)
FN:40,(anonymous_4)
FN:44,(anonymous_5)
FN:55,(anonymous_6)
FN:66,(anonymous_7)
FN:72,(anonymous_8)
FN:79,(anonymous_9)
FN:88,(anonymous_10)
FN:97,(anonymous_11)
FN:105,(anonymous_12)
FN:123,(anonymous_13)
FN:130,(anonymous_14)
FN:135,(anonymous_15)
FNF:16
FNH:12
FNDA:10,(anonymous_0)
FNDA:0,(anonymous_1)
FNDA:0,(anonymous_2)
FNDA:0,(anonymous_3)
FNDA:26,(anonymous_4)
FNDA:5,(anonymous_5)
FNDA:3,(anonymous_6)
FNDA:0,(anonymous_7)
FNDA:2,(anonymous_8)
FNDA:2,(anonymous_9)
FNDA:2,(anonymous_10)
FNDA:2,(anonymous_11)
FNDA:3,(anonymous_12)
FNDA:1,(anonymous_13)
FNDA:1,(anonymous_14)
FNDA:1,(anonymous_15)
DA:1,6
DA:2,6
DA:8,10
DA:9,10
DA:10,10
DA:11,10
DA:14,10
DA:15,10
DA:16,10
DA:17,0
DA:19,10
DA:22,0
DA:23,0
DA:24,0
DA:25,0
DA:26,0
DA:28,0
DA:29,0
DA:30,0
DA:32,0
DA:33,0
DA:36,0
DA:41,26
DA:45,5
DA:46,1
DA:47,1
DA:49,0
DA:52,4
DA:56,3
DA:57,1
DA:58,1
DA:59,0
DA:61,0
DA:64,2
DA:65,2
DA:66,1
DA:68,1
DA:73,2
DA:74,1
DA:76,1
DA:80,2
DA:81,1
DA:83,1
DA:84,1
DA:85,1
DA:89,2
DA:90,1
DA:92,1
DA:93,1
DA:94,1
DA:98,2
DA:99,1
DA:106,3
DA:107,0
DA:108,0
DA:109,0
DA:111,0
DA:116,3
DA:117,3
DA:118,3
DA:119,2
DA:120,2
DA:124,1
DA:125,0
DA:127,1
DA:131,1
DA:132,1
DA:133,2
DA:134,2
DA:135,1
DA:137,0
DA:141,6
DA:143,6
LF:73
LH:52
BRDA:15,0,0,10
BRDA:16,1,0,0
BRDA:41,2,0,26
BRDA:41,2,1,6
BRDA:45,3,0,1
BRDA:52,4,0,2
BRDA:52,4,1,2
BRDA:56,5,0,1
BRDA:58,6,0,1
BRDA:65,7,0,1
BRDA:68,8,0,1
BRDA:68,8,1,1
BRDA:73,9,0,1
BRDA:80,10,0,1
BRDA:83,11,0,1
BRDA:83,11,1,1
BRDA:89,12,0,1
BRDA:92,13,0,1
BRDA:92,13,1,0
BRDA:98,14,0,1
BRDA:105,15,0,0
BRDA:106,16,0,0
BRDA:117,17,0,3
BRDA:117,17,1,2
BRDA:118,18,0,1
BRDA:124,19,0,0
BRDA:130,20,0,0
BRDA:134,21,0,1
BRF:28
BRH:22
end_of_record
TN:
SF:src/middleware/rateLimiter.ts
FN:14,getKey
FN:19,rateLimiter
FNF:2
FNH:2
FNDA:11,getKey
FNDA:11,rateLimiter
DA:8,1
DA:10,1
DA:11,1
DA:12,1
DA:15,11
DA:16,11
DA:19,1
DA:20,11
DA:21,11
DA:22,11
DA:23,11
DA:24,11
DA:25,1
DA:26,1
DA:27,1
DA:28,1
DA:32,11
DA:33,11
DA:34,0
DA:35,0
DA:36,0
DA:39,11
DA:40,1
DA:41,1
DA:44,10
DA:45,10
DA:47,0
DA:51,1
LF:28
LH:24
BRDA:15,0,0,0
BRDA:24,1,0,1
BRDA:26,2,0,0
BRDA:26,2,1,1
BRDA:33,3,0,0
BRDA:39,4,0,1
BRF:6
BRH:3
end_of_record
TN:
SF:src/middleware/redisRateLimiter.ts
FN:9,redisRateLimiter
FNF:1
FNH:0
FNDA:0,redisRateLimiter
DA:2,0
DA:3,0
DA:5,0
DA:6,0
DA:7,0
DA:9,0
DA:10,0
DA:11,0
DA:13,0
DA:16,0
DA:17,0
DA:18,0
DA:20,0
DA:21,0
DA:22,0
DA:25,0
DA:26,0
DA:29,0
DA:31,0
DA:33,0
DA:37,0
LF:21
LH:0
BRDA:11,0,0,0
BRDA:17,1,0,0
BRDA:17,1,1,0
BRDA:18,2,0,0
BRDA:18,2,1,0
BRDA:18,3,0,0
BRDA:18,3,1,0
BRDA:18,4,0,0
BRDA:18,4,1,0
BRDA:21,5,0,0
BRDA:25,6,0,0
BRF:11
BRH:0
end_of_record
TN:
SF:src/services/aiProvider.ts
FN:14,(anonymous_0)
FN:19,(anonymous_1)
FN:27,(anonymous_2)
FN:33,(anonymous_3)
FN:37,(anonymous_4)
FN:46,(anonymous_5)
FN:50,(anonymous_6)
FN:54,(anonymous_7)
FN:62,(anonymous_8)
FN:83,(anonymous_9)
FN:104,(anonymous_10)
FNF:11
FNH:5
FNDA:1,(anonymous_0)
FNDA:1,(anonymous_1)
FNDA:1,(anonymous_2)
FNDA:0,(anonymous_3)
FNDA:4,(anonymous_4)
FNDA:0,(anonymous_5)
FNDA:0,(anonymous_6)
FNDA:0,(anonymous_7)
FNDA:0,(anonymous_8)
FNDA:0,(anonymous_9)
FNDA:1,(anonymous_10)
DA:1,1
DA:4,1
DA:5,1
DA:6,1
DA:15,1
DA:16,1
DA:20,1
DA:21,1
DA:22,1
DA:24,0
DA:28,1
DA:29,0
DA:30,0
DA:34,0
DA:38,4
DA:39,4
DA:47,0
DA:51,0
DA:55,0
DA:63,0
DA:64,0
DA:66,0
DA:67,0
DA:68,0
DA:70,0
DA:71,0
DA:72,0
DA:73,0
DA:75,0
DA:79,0
DA:84,0
DA:85,0
DA:87,0
DA:88,0
DA:89,0
DA:91,0
DA:92,0
DA:93,0
DA:94,0
DA:96,0
DA:100,0
DA:105,1
DA:109,1
DA:111,1
LF:44
LH:15
BRDA:20,0,0,1
BRDA:20,0,1,0
BRDA:20,0,2,0
BRDA:21,1,0,1
BRDA:21,2,0,1
BRDA:21,2,1,0
BRDA:21,2,2,0
BRDA:28,3,0,1
BRDA:29,4,0,0
BRDA:39,5,0,0
BRDA:39,5,1,4
BRDA:41,6,0,0
BRDA:41,6,1,4
BRDA:67,7,0,0
BRDA:88,8,0,0
BRF:15
BRH:6
end_of_record
